C51 COMPILER V9.51   ALARMCLOCK                                                            09/04/2019 16:21:53 PAGE 1   


C51 COMPILER V9.51, COMPILATION OF MODULE ALARMCLOCK
OBJECT MODULE PLACED IN alarmclock.OBJ
COMPILER INVOKED BY: C:\Keil\C51\BIN\C51.EXE alarmclock.c BROWSE DEBUG OBJECTEXTEND TABS(2)

line level    source

   1          #include "STC15F2K60S2.H"
   2          /*******************
   3          引脚定义
   4          *******************/
   5          sbit SEL0=P2^0;     //定义引脚
   6          sbit SEL1=P2^1;
   7          sbit SEL2=P2^2;
   8          sbit SEL3=P2^3;
   9          sbit key1 = P3^2;         //按键1引脚
  10          sbit key2 = P3^3;         //按键2引脚
  11          sbit sbtbeep = P3 ^ 4;  //蜂鸣器
  12          sbit sbtVib = P2 ^ 4;     //振动传感器
  13          
  14          /*******************
  15          变量定义
  16          *******************/
  17          #define uint unsigned int
  18          #define ulint unsigned long
  19          
  20          int key1_state = 0;     //0：key1未按下     1：key1已按下
  21          int key2_state = 0;     //0：key2未按下     1：key1已按下
  22          
  23          uint time=0;        //延时
  24          uint flag=1;        //标志位，区分光和温度
  25          
  26          uint l=0;           //执行光的次数
  27          uint t=0;           //执行温度的次数
  28          ulint suml=0;       //光AD值得总和
  29          ulint sumt=0;       //温度AD值的总和
  30          
  31          uint date_temp;
  32          int temp=0;         //温度值
  33          uint abs_temp;      //温度绝对值
  34          uint light=0;       //光
  35          
  36          uint dark=0;        //黑夜计数
  37          uint white=0;       //白天计数
  38          uint state=0;       //当前状态
  39          
  40          int num = 0;        //音调
  41          
  42          uint ring=0;        //根据光照实现开关
  43          uint ringopen=1;    //根据按键控制开关
  44          
  45          //设置用于显示温度的三个变量
  46          uint temp_bai=0;    //百位
  47          uint temp_shi=0;    //十位
  48          uint temp_ge =0;    //个位
  49          
  50          //数码管上显示0-F
  51          char segtable[]={0x3f,0x06,0x5b,0x4f,0x66,0x6d,0x7d,0x07,
  52                           0x7f,0x6f,0x77,0x7c,0x39,0x5e,0x79,0x71};
  53          //温度值对应表
  54          int code tempdata[]={239,197,175,160,150,142,135,129,124,120,116,113,109,107,104,101, 
  55                                99, 97, 95, 93, 91, 90, 88, 86, 85, 84, 82, 81, 80, 78, 77, 76, 
C51 COMPILER V9.51   ALARMCLOCK                                                            09/04/2019 16:21:53 PAGE 2   

  56                                75, 74, 73, 72, 71, 70, 69, 68, 67, 67, 66, 65, 64, 63, 63, 62, 
  57                                61, 61, 60, 59, 58, 58, 57, 57, 56, 55, 55, 54, 54, 53, 52, 52, 
  58                                51, 51, 50, 50, 49, 49, 48, 48, 47, 47, 46, 46, 45, 45, 44, 44, 
  59                                43, 43, 42, 42, 41, 41, 41, 40, 40, 39, 39, 38, 38, 38, 37, 37, 
  60                                36, 36, 36, 35, 35, 34, 34, 34, 33, 33, 32, 32, 32, 31, 31, 31, 
  61                                30, 30, 29, 29, 29, 28, 28, 28, 27, 27, 27, 26, 26, 26, 25, 25,
  62                                24, 24, 24, 23, 23, 23, 22, 22, 22, 21, 21, 21, 20, 20, 20, 19, 
  63                                19, 19, 18, 18, 18, 17, 17, 16, 16, 16, 15, 15, 15, 14, 14, 14, 
  64                                13, 13, 13, 12, 12, 12, 11, 11, 11, 10, 10, 9, 9, 9, 8, 8, 8, 7, 
  65                                7, 7, 6, 6,5, 5, 54,4, 3, 3,3, 2, 2, 1, 1, 1, 0, 0, -1, -1, -1, 
  66                                -2, -2, -3, -3, -4, -4, -5, -5, -6, -6, -7, -7, -8, -8, -9, -9, 
  67                                -10, -10, -11, -11, -12, -13, -13, -14, -14, -15, -16, -16, -17, 
  68                                -18, -19, -19, -20, -21, -22, -23, -24, -25, -26, -27, -28, -29, 
  69                                -30, -32, -33, -35, -36, -38, -40, -43, -46, -50, -55, -63, 361};
  70          void Delay(int n);     //延时函数
  71          void weixuan(char i);  //数码管位的选择
  72          void SEG_Display();    //显示温度，光度
  73          void InitADC_temp();   //初始化温度ADC
  74          void InitADC_light();  //初始化光ADC
  75          void date_processtemp();
  76          
  77          
  78          /*****************
  79          函数名称wDelay
  80          函数说明：延时函数
  81          入口参数：int n
  82          出口参数：无
  83          备注：
  84          *****************/  
  85          void Delay(int n)     
  86          {
  87   1        int x;
  88   1        while(n--)
  89   1        {
  90   2          x=60;
  91   2          while(x--);
  92   2        }
  93   1      }
  94          
  95          /*****************
  96          函数名称wweixuan
  97          函数说明：数码管位的选择
  98          入口参数：char i
  99          出口参数：无
 100          备注：
 101          *****************/
 102          void weixuan(char i)  
 103          {
 104   1        SEL2=i/4;
 105   1        SEL1=i%4/2;
 106   1        SEL0=i%2;
 107   1      }
 108          
 109          /*****************
 110          函数名称wSEG_Display
 111          函数说明：显示温度，光度
 112          入口参数：无
 113          出口参数：无
 114          备注：
 115          *****************/
 116          void SEG_Display()  
 117          {
C51 COMPILER V9.51   ALARMCLOCK                                                            09/04/2019 16:21:53 PAGE 3   

 118   1        //用于设置温度的位数
 119   1        if(temp<0)
 120   1        {
 121   2          P0=0;
 122   2          weixuan(0);       //若温度为负，则首位显示‘-‘
 123   2          P0=0x40;
 124   2          Delay(10);
 125   2        }
 126   1        else
 127   1        {
 128   2          P0=0;
 129   2          weixuan(5);
 130   2          P0=segtable[temp_bai];
 131   2          Delay(10);
 132   2        }
 133   1        
 134   1        P0=0;
 135   1        weixuan(6);
 136   1        P0=segtable[temp_shi];
 137   1        Delay(10);
 138   1        
 139   1        P0=0;
 140   1        weixuan(7);
 141   1        P0=segtable[temp_ge];
 142   1        Delay(10);
 143   1        
 144   1        P0=0;
 145   1        weixuan(1);         //显示闹钟开关
 146   1        P0=segtable[ringopen];
 147   1        Delay(10);
 148   1        
 149   1        P0=0;
 150   1        weixuan(3);         //显示闹铃音调
 151   1        P0=segtable[num];
 152   1        Delay(10); 
 153   1      }
 154          
 155          /*****************
 156          函数名称wT_L
 157          函数说明：初始化
 158          入口参数：无
 159          出口参数：无
 160          备注：
 161          *****************/
 162          void T_L()
 163          {
 164   1        P0M1=0x00;            //设置P0为推挽模式，点亮数码管
 165   1        P0M0=0xff;
 166   1        P2M1=0x00;
 167   1        P2M0=0xff;            //将P2^3设置为推挽模式，其余为准双向口模式
 168   1        SEL3=0;               //熄灭LED灯
 169   1        
 170   1        IE=0xa8;              //EA=1打开总中断，EADC=1允许A/D转化中断，ET1=1允许T1中断  
 171   1        TMOD=0x01;            //使用定时器1，16位不可重装载模式，TH1、TL1全用
 172   1        TH1=(65535-1000)/256;//高8位赋初值，定时40000周期
 173   1        TL1=(65535-1000)%256;//低8位赋初值
 174   1        TR1=1;                //启动定时器1 
 175   1      }
 176          
 177          /*****************
 178          函数名称wInitADC_temp
 179          函数说明：初始化温度ADC
C51 COMPILER V9.51   ALARMCLOCK                                                            09/04/2019 16:21:53 PAGE 4   

 180          入口参数：无
 181          出口参数：无
 182          备注：
 183          *****************/
 184          void InitADC_temp()      
 185          {
 186   1        P1ASF=0xff;           //将P1口作为模拟功能A/D使用
 187   1        ADC_RES=0;            //寄存器ADC_RES和ADC_RESL保存A/D转化结果
 188   1        ADC_RESL=0;           //初始赋值0
 189   1        ADC_CONTR=0x8b;       //ADC_POWER=1打开A/D转换器电源;ADC_START=1启动模拟转换器ADC;CHS=011选择P1^3作为A/D输入
             -使用
 190   1        CLK_DIV=0x20;         //ADRJ=1：ADC_RES[1:0]存放高2位ADC结果，ADC_RESL[7:0]存放低8位ADC结果
 191   1      }
 192          
 193          /*****************
 194          函数名称wInitADC_light
 195          函数说明：初始化光ADC
 196          入口参数：无
 197          出口参数：无
 198          备注：
 199          *****************/
 200          void InitADC_light()   
 201          {
 202   1        P1ASF=0xff;
 203   1        ADC_RES=0;
 204   1        ADC_RESL=0;
 205   1        ADC_CONTR=0x8c;       //CHS=100选择P1^4作为A/D输入使用
 206   1        CLK_DIV=0x20;
 207   1      }
 208          
 209          /*****************
 210          函数名称wdate_processtemp
 211          函数说明：取出温度的百位、十位、个位
 212          入口参数：无
 213          出口参数：无
 214          备注：
 215          *****************/
 216          void date_processtemp()
 217          {
 218   1        if(temp<0)
 219   1          abs_temp=-temp;
 220   1        else
 221   1          abs_temp=temp;
 222   1        temp_bai=abs_temp%1000/100;
 223   1        temp_shi=abs_temp%100/10;
 224   1        temp_ge =abs_temp%10;
 225   1      }
 226          
 227          /*****************
 228          函数名称wTimer1_Routine
 229          函数说明：定时器1中断
 230          入口参数：无
 231          出口参数：无
 232          备注：
 233          *****************/
 234          void Timer1_Routine() interrupt 3 //3为定时器1中断编号
 235          {
 236   1      
 237   1        if(flag==1)
 238   1        {
 239   2          InitADC_light();    //初始化光
 240   2        }
C51 COMPILER V9.51   ALARMCLOCK                                                            09/04/2019 16:21:53 PAGE 5   

 241   1        else
 242   1        {
 243   2          InitADC_temp();     //初始化温度
 244   2        }
 245   1        flag=-flag;
 246   1      
 247   1        if(ringopen==1){      //判断按键开关
 248   2          if(light<40){       //判断之前是否黑夜
 249   3            if(dark<2000){
 250   4            dark++;}          //利用dark进行计数
 251   3            state=0;          //状态为黑夜
 252   3          }else{
 253   3            if(white<2000){   //判断现在是否白天
 254   4            white++;}         //利用white进行计数
 255   3            state=1;          //状态为白天
 256   3          } 
 257   2          if(white==2000&&dark==2000&&state==1){//判断从黑夜进入白天且当前为白天
 258   3            dark=0;           //dark white清零且打开开关
 259   3            white=0;
 260   3            ring=1;
 261   3          }
 262   2        }
 263   1        
 264   1        if(ring==1&&ringopen==1){//光照开关且按键开关为开时蜂鸣器启动
 265   2          sbtbeep = ~sbtbeep;
 266   2        }else{
 267   2          sbtbeep = 0;
 268   2        }
 269   1        if(sbtVib == 0)
 270   1        {
 271   2          Delay(100);             //延时消除抖动
 272   2          if(sbtVib == 0)
 273   2          {
 274   3            ring=0;           //通过振动关闭闹钟
 275   3          }
 276   2        }
 277   1      }
 278          
 279          /*****************
 280          函数名称wadc_isr
 281          函数说明：AD中断
 282          入口参数：无
 283          出口参数：无
 284          备注：
 285          *****************/
 286          void adc_isr() interrupt 5 using 1
 287          {
 288   1        time++;
 289   1        IE=0x00;              //关闭中断
 290   1        
 291   1        if(time>2000)      //取多次值求平均值减小误差
 292   1        {
 293   2          if(flag==1)                   //此时flag=1执行温度部分
 294   2          { 
 295   3            date_temp=(sumt+t/2)/t;     //四舍五入
 296   3            temp=tempdata[date_temp-1]; //查找对应的AD的温度值
 297   3            sumt=0;
 298   3            t=0;
 299   3            time=0;
 300   3            date_processtemp(); 
 301   3          }
 302   2      
C51 COMPILER V9.51   ALARMCLOCK                                                            09/04/2019 16:21:53 PAGE 6   

 303   2          if(flag==-1)                  //此时flag=-1执行光部分
 304   2          {
 305   3            light=(suml+l/2)/l;         //四舍五入
 306   3            suml=0;
 307   3            l=0;
 308   3            time=0;
 309   3          }    
 310   2        }
 311   1      
 312   1        if(flag==1)
 313   1        {
 314   2          //对应温度的数据处理
 315   2          t++;
 316   2          date_temp=(ADC_RES*256+ADC_RESL)/4;//由10位AD值转换为8位AD值
 317   2          sumt+=date_temp;            //求t次AD值的和
 318   2      
 319   2        }
 320   1        if(flag==-1)
 321   1        {
 322   2          //处理光部分的数据
 323   2          l++;
 324   2          suml+=ADC_RES*256+ADC_RESL;//求l次AD值的和
 325   2        }
 326   1      
 327   1        ADC_CONTR&=~0X10;            //转换完成后，ADC_FLAG清零
 328   1        ADC_CONTR|=0X08;             //转换完成后，ADC_START赋1
 329   1        IE=0xa8;                     //打开中断
 330   1      }
 331          
 332          /*****************
 333          函数名称wmain
 334          函数说明：主函数
 335          入口参数：无
 336          出口参数：无
 337          备注：
 338          *****************/
 339          void main()
 340          {
 341   1        T_L();
 342   1        while(1)
 343   1        {
 344   2          if(key1==0)
 345   2          {
 346   3            if(key1_state == 0)       //判断按键1是否按下，已经按下了就不进行括号内操作
 347   3            {
 348   4              Delay(10);              //延时消除抖动
 349   4              if(key1==0)
 350   4              { 
 351   5                num++;                //声调改变
 352   5                if(num==10){
 353   6                  num = 0;
 354   6                  TH1 = (65535-1000)/256;
 355   6                }
 356   5                TH1 = (65535-1000)/256-num;       //减小重装值，从而减小定时器中断（蜂鸣器振动）频率
 357   5                key1_state = 1;       //设置按键1为已按下
 358   5              }
 359   4            }
 360   3          }
 361   2          else
 362   2            key1_state = 0;
 363   2          
 364   2          if(key2==0)
C51 COMPILER V9.51   ALARMCLOCK                                                            09/04/2019 16:21:53 PAGE 7   

 365   2          {
 366   3            if(key2_state == 0)       //判断按键2是否按下，已经按下了就不进行括号内操作
 367   3            {
 368   4              Delay(10);              //延时消除抖动
 369   4              if(key2==0)
 370   4              {
 371   5                if(ringopen==1&&ring==0){ringopen=0;}   
 372   5                else{ringopen=1;}   //蜂鸣器开关
 373   5                key2_state = 1;       //设置按键3为已按下
 374   5              }
 375   4            }
 376   3          }
 377   2          else
 378   2            key2_state = 0;
 379   2          
 380   2          SEG_Display();
 381   2          
 382   2        }
 383   1      }


MODULE INFORMATION:   STATIC OVERLAYABLE
   CODE SIZE        =   1057    ----
   CONSTANT SIZE    =    508    ----
   XDATA SIZE       =   ----    ----
   PDATA SIZE       =   ----    ----
   DATA SIZE        =     62    ----
   IDATA SIZE       =   ----    ----
   BIT SIZE         =   ----    ----
END OF MODULE INFORMATION.


C51 COMPILATION COMPLETE.  0 WARNING(S),  0 ERROR(S)
